 mp=           1
 mvt=          18
 mloop=           1
 mdaily=           1
 initcasa=           1
 isomModel=           3
 icycle=           1
 Climate Perturbations: 
  co2air deltsoil deltair deltYr nppMult =  360.00    0.0000    0.0000       1    1.5000
 Directory for Point Files = ./
 calling casa_readpoint
 calling casa_readbiome

 Reading soil properties from file ../gridinfo_soil_HARVF.csv                                                                          ...
 Done reading soil properties from file ../gridinfo_soil_HARVF.csv                                                                          ...

 Reading CASA biome-specific parameters from file ../pftlookup_igbp_HARVF.csv                                                                         ...
 IGBP vegetation type,,,,,,,,,,,,,,,,,,,,
 IGBP,"(ice,water,urban:0)/grass:1/shrub:2/woody:3",,,,,,,,,,,,,,,,,,,
 vegtype,,,,,,,,,,,,,,,,,,,,
           1           3
           2           3
           3           3
           4           3
           5           3
           6           2
           7           2
           8           3
           9           3
          10           1
          11           0
          12           1
          13           0
          14           1
          15           0
          16           1
          17           0
          18           1
 nv1,Kroot,rootdepth,kuptake,Krootlen,KminN,Kuplabp,Fracherb,leaf age,wood age,froot age,met age,str age,cwd age,mic age,slow age,pass age,klabile,SLA,,
 vegtype,1/m,m,,m/g C,gN/m2,gP/m2,,year,year,year,year,year,year,year,year,year,,,,
 1       5.5000       1.5000       2.0000      14.8780       2.0000       0.5000       0.0680       2.0000      70.0000      18.0000       0.0400       0.2300       0.8240       0.1370       5.0000     222.2200       0.2000       0.0072
 2       3.9000       1.5000       1.9000      14.3860       2.0000       0.5000       0.4060       1.5000      60.0000      10.0000       0.0400       0.2300       0.8240       0.1370       5.0000     222.2200       0.2000       0.0153
 3       5.5000       1.5000       2.0000      14.0260       2.0000       0.5000       0.0680       0.8000      80.0000      10.0000       0.0400       0.2300       0.8240       0.1370       5.0000     222.2200       0.2000       0.0231
 4       3.9000       1.5000       2.0000      18.9474       2.0000       0.5000       0.1340       0.8000      40.0000      10.0000       0.0400       0.2300       0.8240       0.1370       5.0000     222.2200       0.2000       0.0265
 5       2.0000       1.5000       2.0000      16.7164       2.0000       0.5000       0.1370       1.2000      50.0000      10.0000       0.0400       0.2300       0.8240       0.1370       5.0000     222.2200       0.2000       0.0168
 6       2.0000       0.5000       1.9000       0.0000       2.0000       0.5000       0.0000       1.0000      40.0000       5.0000       0.0400       0.2300       0.8240       0.1370       5.0000     222.2200       0.2000       0.0099
 7       2.0000       0.5000       1.8000      32.3077       2.0000       0.5000       0.0220       1.0000      40.0000       5.0000       0.0400       0.2300       0.8240       0.1370       5.0000     222.2200       0.2000       0.0099
 8       2.0000       1.5000       1.9000     120.8000       2.0000       0.5000       0.3500       1.5000      40.0000       5.0000       0.0400       0.2300       0.8240       0.1370       5.0000     222.2200       0.2000       0.0263
 9       2.0000       1.5000       1.9000     120.8000       2.0000       0.5000       0.3500       1.5000      40.0000       3.0000       0.0400       0.2300       0.8240       0.1370       5.0000     222.2200       0.2000       0.0262
10       5.5000       0.5000       2.0000      84.0000       2.0000       0.5000       0.1090       1.0000       1.0000       3.0000       0.0400       0.2300       0.8240       0.1370       2.5000     222.2200       0.2000       0.0260
11       5.5000       0.5000       1.6000       0.0000       2.0000       0.5000       0.0000       1.0000       1.0000       1.0000       0.0400       0.2300       0.8240       0.1370       5.0000     222.2200       0.2000       0.0200
12       5.5000       0.5000       1.6000     120.5000       2.0000       0.5000       0.1400       1.0000       1.0000       0.8842       0.0400       0.2300       0.8240       0.1370       5.0000     222.2200       0.2000       0.0260
13       2.0000       0.5000       1.8000       0.0000       2.0000       0.5000       0.0000       1.0000       1.0000       1.0000       0.0400       0.2300       0.8240       0.1370       5.0000     222.2200       0.2000       0.0200
14       5.5000       0.5000       1.6000       0.0000       2.0000       0.5000       0.0000       1.0000       1.0000       1.0000       0.0400       0.2300       0.8240       0.1370       5.0000     222.2200       0.2000       0.0260
15       5.5000       0.5000       1.8000       0.0000       2.0000       0.5000       0.0000       1.0000       1.0000       1.0000       0.0400       0.2300       0.8240       0.1370       5.0000     222.2200       0.2000       0.0200
16       2.0000       0.5000       1.8000      30.7692       2.0000       0.5000       0.0100       1.0000       5.0000       4.0000       0.0400       0.2300       0.8240       0.1370       5.0000     222.2200       0.2000       0.0245
17       5.5000       1.5000       1.8000       0.0000       2.0000       0.5000       0.0000       1.0000       1.0000       1.0000       0.0400       0.2300       0.8240       0.1370       5.0000     222.2200       0.2000       0.0200
18       5.5000       0.5000       2.0000      84.0000       2.0000       0.5000       0.1090       1.0000       1.0000       3.0000       0.0400       0.2300       0.8240       0.1370       5.0000     222.2200       0.2000       0.0260
 NV2,Calloc_leaf,Calloc_wood,Calloc_froot,rmleaf,rmwood,rmfroot,rmclabile,,,,,,,,,,,,,
 vegtype,fraction,fraction,fraction,1/year,1/year,1/year,1/year,,,,,,,,,,,,,
 1       0.4200       0.3300       0.2500       0.1000       6.0000       6.0000
 2       0.2500       0.1000       0.6500       0.1000       6.0000       6.0000
 3       0.4000       0.3000       0.3000       0.1000       6.0000       6.0000
 4       0.3000       0.2000       0.5000       0.1000       6.0000       6.0000
 5       0.3500       0.4000       0.2500       0.1000       6.0000       6.0000
 6       0.5200       0.1500       0.3300       0.1000       6.0000       6.0000
 7       0.4000       0.1500       0.4500       0.1000       6.0000       6.0000
 8       0.3000       0.1000       0.6000       0.1000       6.0000       6.0000
 9       0.2000       0.1000       0.7000       0.1000       6.0000       6.0000
10       0.3000       0.0000       0.7000       0.1000       1.0000      10.0000
11       0.5000       0.0000       0.5000       0.1000       1.0000      10.0000
12       0.3000       0.0000       0.7000       0.1000       1.0000      10.0000
13       0.5000       0.0000       0.5000       0.1000       1.0000      10.0000
14       0.3500       0.0000       0.6500       0.1000       1.0000      10.0000
15       0.5000       0.0000       0.5000       0.1000       1.0000      10.0000
16       0.2000       0.2000       0.6000       0.1000       1.0000      10.0000
17       0.6000       0.4000       0.0000       0.1000       1.0000      10.0000
18       0.3000       0.0000       0.7000       0.1000       1.0000      10.0000
 nv3,C:N leaf ,C:N wood,C:N froot,Ntrans_leaf,Ntrans_wood,Ntrans_frt,lignin leaf,lignin CWD,lignin froot,C:N mic,C:N slow,C:N pass,C:Nmic_min,C:Nslow_min,C:Npass_min,C:Nmic_max,C:Nslow_max,C:Npass_max,
 vegtype,gc/gn,g C/gN,gC/gN,fraction,fraction,fraction,g lignin/gC,g lignin/gC,g lignin/gC,gC/gN,gC/gN,gC/gN,gC/gN,gC/gN,gC/gN,gC/gN,gC/gN,gC/gN,m2/m2,m2/m2
 1      50.0000     250.0000      78.0000       0.5000       0.9500       0.9000       0.2500       0.4000       0.2500       8.0000      16.1000      16.1000       5.4000      26.9100      26.9100       8.0000      30.0000      30.0000       7.0000       3.0000
 2      25.0000     150.0000      68.0000       0.5000       0.9500       0.9000       0.2000       0.4000       0.2000       8.0000      12.8000      12.8000       7.7100      13.5400      13.5400       8.0000      30.0000      30.0000       7.0000       3.0000
 3      60.0000     250.0000      41.0000       0.5000       0.9500       0.9000       0.2000       0.4000       0.2000       8.0000      24.8000      24.8000       7.1100      26.9100      26.9100       8.0000      30.0000      30.0000       7.0000       0.5000
 4      50.0000     175.0000      41.0000       0.5000       0.9500       0.9000       0.2000       0.4000       0.2000       8.0000      30.0000      30.0000       6.6900      16.2000      16.2000       8.0000      30.0000      30.0000       7.0000       0.5000
 5      50.0000     175.0000      41.0000       0.5000       0.9500       0.9000       0.2200       0.4000       0.2200       8.0000      10.1000      10.1000       6.0450      21.5550      21.5550       8.0000      30.0000      30.0000       7.0000       0.5000
 6      45.0000     150.0000      41.0000       0.5000       0.9500       0.9000       0.2000       0.4000       0.2000       8.0000      19.3000      19.3000       6.1700      16.6300      16.6300       8.0000      20.0000      20.0000       3.0000       0.5000
 7      40.0000     150.0000      41.0000       0.5000       0.9500       0.9000       0.2000       0.4000       0.2000       8.0000      19.3000      19.3000       6.1700      16.6300      16.6300       8.0000      20.0000      20.0000       3.0000       0.1000
 8      25.0000     150.0000      41.0000       0.5000       0.9500       0.9000       0.1500       0.4000       0.1500       8.0000      15.0000      15.0000       6.4033      14.9150      14.9150       8.0000      28.3333      28.3333       4.0000       0.5000
 9      25.0000     150.0000      41.0000       0.5000       0.9500       0.9000       0.1500       0.4000       0.1500       8.0000      15.0000      15.0000       6.1167      13.6300      13.6300       8.0000      26.6667      26.6667       4.0000       0.3000
10      50.0000     150.0000      41.0000       0.5000       0.9500       0.9000       0.1000       0.4000       0.1000       8.0000      13.1000      13.1000       5.8300      12.3450      12.3450       8.0000      25.0000      25.0000       3.0000       0.2000
11      30.0000     150.0000      41.0000       0.5000       0.9500       0.9000       0.1500       0.4000       0.1500       8.0000      13.1000      13.1000       6.5100      14.0600      14.0600       8.0000      20.0000      20.0000       5.0000       0.1000
12      50.0000     125.0000      41.0000       0.5000       0.9500       0.9000       0.2000       0.4000       0.2000       8.0000      13.2000      13.2000       6.3400      12.3850      12.3850       8.0000      20.0000      20.0000       6.0000       0.5000
13      40.0000     150.0000      41.0000       0.5000       0.9500       0.9000       0.1500       0.4000       0.1500       8.0000      20.0000      20.0000       6.5100      14.0600      14.0600       8.0000      20.0000      20.0000       6.0000       0.5000
14      30.0000     125.0000      41.0000       0.5000       0.9500       0.9000       0.1000       0.4000       0.1000       8.0000      20.0000      20.0000       6.3400      12.3850      12.3850       8.0000      20.0000      20.0000       6.0000       0.5000
15      40.0000     150.0000      41.0000       0.5000       0.9500       0.9000       0.1000       0.4000       0.1000       8.0000      20.0000      20.0000       6.5100      14.0600      14.0600       8.0000      20.0000      20.0000       0.0000       0.0000
16      40.0000     150.0000      41.0000       0.5000       0.9500       0.9000       0.1500       0.4000       0.1500       8.0000      26.8000      26.8000       6.5100      14.0600      14.0600       8.0000      20.0000      20.0000       1.0000       0.0500
17      40.0000     135.0000      41.0000       0.5000       0.9500       0.9000       0.2500       0.4000       0.2500       8.0000      20.0000      20.0000       6.5100      14.0600      14.0600       8.0000      20.0000      20.0000       1.0000       0.1000
18      47.6000     150.0000      41.0000       0.5000       0.9500       0.9000       0.1660       0.4000       0.1660       8.0000      13.1000      13.1000       5.8300      12.3450      12.3450       8.0000      25.0000      25.0000       3.0000       0.2000
 ,Leaf C,Wood C,Froot C,met C,str C,CWD C,mic C,slow C,pass C,,,,,,,,,,,
 vegtype,g C/m2,g C/m2,g C/m2,g C/m2,g C/m2,g C/m2,g C/m2,g C/m2,g C/m2,,,,,,,,,,,
 1     384.6037    7865.3963     250.0000       6.5770     209.1728     606.0255     528.6640   13795.9398    4425.3962
 2     273.0000   11451.0000    2586.0000      44.6346     433.7626    1150.7648      11.3777     311.8092   13201.8131
 3      96.5981    5683.4019     220.0000       7.1271     277.7733     776.7331     597.0785   16121.1199    5081.8016
 4     150.2638   10833.7362     220.0000      10.9780     312.5492     888.5695     405.5554   11153.2522    5041.1924
 5     166.5077    9583.4923     250.0000      14.5634     377.7089    1060.5447     467.4273   11896.7941    5485.7787
 6       0.0000       0.0000       0.0000       3.2294      39.4445     111.5864       0.0000       0.0000       0.0000
 7      88.0000     372.0000     140.0000       3.2294      39.4445     111.5864     168.0451    4465.4780    1386.4770
 8     177.0966    1972.9034     250.0000      31.1932     206.8936     813.0919     174.5109    4782.3793    2268.1098
 9     177.0966    1972.9034     250.0000      31.1932     206.8936     813.0919     174.5109    4782.3793    2268.1098
10     137.1714       0.0000     263.0000      28.5725      50.9109       0.0000      22.0000     326.0000     551.0000
11       0.0000       0.0000       0.0000       0.0000       0.0000       0.0000       0.0000       0.0000       0.0000
12     160.0000       0.0000     240.0000      28.5725      50.9109       0.0000     512.4247    6855.4383    5032.1370
13       0.0000       0.0000       0.0000       0.0000       0.0000       0.0000       0.0000       0.0000       0.0000
14       0.0000       0.0000       0.0000      28.5725      50.9109       0.0000       0.0413       0.5529       0.4058
15       0.0000       0.0000       0.0000       0.0000       0.0000       0.0000       0.0000       0.0000       0.0000
16      20.0000      17.0000      63.0000       1.4577       4.9563      28.4408      57.7758    1325.0522     517.1719
17       0.0000       0.0000       0.0000       0.0000       0.0000       0.0000       0.0000       0.0000       0.0000
18     137.1714       0.0000     263.0000      28.5725      50.9109       0.0000     425.6431    5694.4366    4179.9202
 IGBP:,Tkshed,xkleafcoldmax,xkleafcoldexp,xkleafdrymax,xkleafdryexp,,Tkchill,Tkwarm,GDD2stdy,nd2onset,nd2grow,nd2dorm,phena,phenb,,,,,,
 vegtype,K,1/year,1/year,1/year,1/year,,K,K,DDK,day,day,day,??,??,phenc,,,,,
 1     268.0000       0.2000       3.0000       0.1000       3.0000
 2     260.0000       0.1000       3.0000       0.1000       3.0000
 3     263.1500       0.1000       3.0000       0.1000       3.0000
 4     268.1500       0.6000       3.0000       1.0000       3.0000
 5     277.1500       0.4000       3.0000       0.1000       3.0000
 6     268.1500       0.1000       3.0000       0.1000       3.0000
 7     277.1500       1.0000       3.0000       0.1000       3.0000
 8     275.1500       3.0000       3.0000       1.5000       3.0000
 9     278.1500       5.0000       3.0000       2.5000       3.0000
10     275.1500       0.2000       3.0000       0.1000       3.0000
11     277.1500       0.1000       3.0000       0.1000       3.0000
12     278.1500       0.3000       3.0000       0.1000       3.0000
13     277.1500       0.1000       3.0000       0.1000       3.0000
14     278.1500       0.3000       3.0000       0.1000       3.0000
15     283.1500       0.1000       3.0000       0.1000       3.0000
16     277.1500       0.1000       3.0000       0.1000       3.0000
17     277.1500       0.1000       3.0000       0.1000       3.0000
18     275.1500       0.2000       3.0000       0.1000       3.0000
 ,N/Cleafmi,N/Cleafmx,N/Cwdmin,N/Cwdmax,N/Cfrtmin,N/Cfrtmax,xNminloss,xNleach,nfixrate,,,,,,,,,,,
 vegtype,g N/g C,g N/g C,g N/g C,g N/g C,g N/g C,g N/g C,fraction,1/year,gn/m2/yr,,,,,,,,,,,
 1       0.0200       0.0240       0.0040       0.0048       0.0128       0.0154       0.0500       0.0500       0.0800
 2       0.0250       0.0480       0.0067       0.0080       0.0147       0.0176       0.0500       0.0500       2.6000
 3       0.0167       0.0200       0.0040       0.0048       0.0244       0.0293       0.0500       0.0500       0.2100
 4       0.0200       0.0240       0.0057       0.0069       0.0244       0.0293       0.0500       0.0500       1.6400
 5       0.0200       0.0240       0.0057       0.0069       0.0244       0.0293       0.0500       0.0500       1.0600
 6       0.0200       0.0267       0.0067       0.0080       0.0244       0.0293       0.0500       0.0500       0.3700
 7       0.0200       0.0300       0.0067       0.0080       0.0244       0.0293       0.0500       0.0500       0.3700
 8       0.0400       0.0480       0.0067       0.0080       0.0244       0.0293       0.0500       0.0500       4.0600
 9       0.0400       0.0480       0.0067       0.0080       0.0244       0.0293       0.0500       0.0500       4.0600
10       0.0200       0.0240       0.0067       0.0080       0.0244       0.0293       0.0500       0.0500       0.9500
11       0.0200       0.0400       0.0067       0.0080       0.0244       0.0293       0.0500       0.0500       0.0000
12       0.0200       0.0480       0.0080       0.0096       0.0244       0.0293       0.0500       0.0500       4.0000
13       0.0200       0.0300       0.0067       0.0080       0.0244       0.0293       0.0500       0.0500       0.0000
14       0.0200       0.0400       0.0080       0.0096       0.0244       0.0293       0.0500       0.0500       4.0000
15       0.0200       0.0300       0.0067       0.0080       0.0244       0.0293       0.0500       0.0500       0.0000
16       0.0200       0.0300       0.0067       0.0080       0.0244       0.0293       0.0500       0.0500       0.3500
17       0.0200       0.0300       0.0074       0.0089       0.0244       0.0293       0.0500       0.0500       0.0000
18       0.0200       0.0240       0.0067       0.0080       0.0244       0.0293       0.0500       0.0500       0.9500
 ,Nleaf,Nwood,Nfrt,N met,N Str,Ncwd,N mic,N slow,N Pass,N Nmin,,,,,,,,,,
 vegtype,gN/m2,gN/m2,gN/m2,gN/m2,gN/m2,gN/m2,gN/m2,gN/m2,gN/m2,gN /m2,,,,,,,,,,
 1       7.5412      31.4616       6.0976       0.0645       1.3945       2.4241      52.8664     919.7293     295.0264    1000.0000
 2       9.9000     102.0000      38.0000       0.7439       2.8918       8.5242       1.1378      20.7873     880.1209    1000.0000
 3       1.6100      22.7336       5.3659       0.0594       1.8518       3.1069      59.7079    1074.7413     338.7868    1000.0000
 4       3.7566      80.2499       5.3659       0.1372       2.0837       6.5820      40.5555     743.5501     336.0795    1000.0000
 5       4.1627      47.9175       6.0976       0.1820       2.5181       5.3027      46.7427     793.1196     365.7186    1000.0000
 6       0.0000       0.0000       0.0000       0.0404       0.2630       0.8266       0.0000       0.0000       0.0000    1000.0000
 7       2.9333       2.7556       3.4146       0.0538       0.2630       0.8266      16.8045     297.6985      92.4318    1000.0000
 8       5.9032      14.6141       6.0976       0.5199       1.3793       6.0229      17.4511     318.8253     151.2073    1000.0000
 9       5.9032      14.6141       6.0976       0.5199       1.3793       6.0229      17.4511     318.8253     151.2073    1000.0000
10       4.5724       0.0000       6.4146       0.4762       0.3394       0.0000      42.5643     379.6291     278.6613    1000.0000
11       0.0000       0.0000       0.0000       0.0000       0.0000       0.0000       0.0000       0.0000       0.0000    1000.0000
12       5.3333       0.0000       5.8537       0.4762       0.3394       0.0000      51.2425     457.0292     335.4758    1000.0000
13       0.0000       0.0000       0.0000       0.0000       0.0000       0.0000       0.0000       0.0000       0.0000    1000.0000
14       0.0000       0.0000       0.0000       0.4762       0.3394       0.0000       0.0041       0.0369       0.0271    1000.0000
15       0.0000       0.0000       0.0000       0.0000       0.0000       0.0000       0.0000       0.0000       0.0000    1000.0000
16       0.5000       0.1259       1.5366       0.0182       0.0330       0.2107       5.7776      88.3368      34.4781    1000.0000
17       0.0000       0.0000       0.0000       0.0000       0.0000       0.0000       0.0000       0.0000       0.0000    1000.0000
18       4.5724       0.0000       6.4146       0.4762       0.3394       0.0000      42.5643     379.6291     278.6613    1000.0000
 ,N/Pleafmin,N/Pleafmx,N/Pwdmin,N/Pwdmax,N/Pfrtmin,N/Pfrtmax,fpptoL(leaf),fpptoL(wd),fpptoL(frt),,,(leaf N:P ratio was optimized),,,,,,,,
 vegtype,gN/gP,gN/gP,gN/gP,gN/gP,gN/gP,gN/gP,fraction,fraction,fraction,,,,,,,,,,,
 1      10.0000      10.0000      15.0000      15.0000      15.0000      15.0000       0.5000       0.9500       0.9000
 2      20.0000      20.0000      15.0000      15.0000      15.0000      15.0000       0.5000       0.9500       0.9000
 3       8.0000       8.0000      15.0000      15.0000      15.0000      15.0000       0.5000       0.9500       0.9000
 4      10.0000      10.0000      15.0000      15.0000      15.0000      15.0000       0.5000       0.9500       0.9000
 5      10.0000      10.0000      15.0000      15.0000      15.0000      15.0000       0.5000       0.9500       0.9000
 6       8.0000       8.0000      15.0000      15.0000      15.0000      15.0000       0.5000       0.9500       0.9000
 7       8.0000       8.0000      15.0000      15.0000      15.0000      15.0000       0.5000       0.9500       0.9000
 8      20.0000      20.0000      15.0000      15.0000      15.0000      15.0000       0.5000       0.9500       0.9000
 9      20.0000      20.0000      15.0000      15.0000      15.0000      15.0000       0.5000       0.9500       0.9000
10      15.0000      15.0000      15.0000      15.0000      15.0000      15.0000       0.5000       0.9500       0.9000
11      15.0000      15.0000      15.0000      15.0000      15.0000      15.0000       0.5000       0.9500       0.9000
12      10.0000      10.0000      15.0000      15.0000      15.0000      15.0000       0.5000       0.9500       0.9000
13      10.0000      10.0000      15.0000      15.0000      15.0000      15.0000       0.5000       0.9500       0.9000
14      10.0000      10.0000      15.0000      15.0000      15.0000      15.0000       0.5000       0.9500       0.9000
15      10.0000      10.0000      15.0000      15.0000      15.0000      15.0000       0.5000       0.9500       0.9000
16      10.0000      10.0000      15.0000      15.0000      15.0000      15.0000       0.5000       0.9500       0.9000
17      10.0000      10.0000      15.0000      15.0000      15.0000      15.0000       0.5000       0.9500       0.9000
18      15.0000      15.0000      15.0000      15.0000      15.0000      15.0000       0.5000       0.9500       0.9000
 ,xkmlabp,xpsorbmax,xfpleach,N:Psoil,N:Psoil,N:Psoil,kplab,xkpsorb,kpocc,,,,,,,,,,,
 soilorder,gP/m2,gP/m2,no_dimen,mic,slow,pass,1/year,1/year,1/year,,,,,,,,,,,
 1      74.5408     439.4606       0.0005       0.0014       0.0000       0.0000       2.5000       8.0000       8.0000
 2      68.1584     937.1780       0.0005       0.0014       0.0000       0.0000       2.5000       8.0000       8.0000
 3      77.9520     915.3808       0.0005       0.0014       0.0000       0.0000       2.5000       8.0000       8.0000
 4      64.4192     600.8843       0.0005       0.0014       0.0000       0.0000       2.5000       8.0000       8.0000
 5      64.4192     446.9081       0.0005       0.0014       0.0000       0.0000       2.5000       8.0000       8.0000
 6      70.5856     160.5822       0.0005       0.0014       0.0000       0.0000       2.5000       8.0000       8.0000
 7      64.5888     249.5358       0.0005       0.0014       0.0000       0.0000       2.5000       8.0000       8.0000
 8      54.1692     461.3098       0.0005       0.0014       0.0000       0.0000       2.5000       8.0000       8.0000
 9       9.7704      43.6396       0.0005       0.0014       0.0000       0.0000       2.5000       8.0000       8.0000
10      28.2900     175.4926       0.0005       0.0014       0.0000       0.0000       2.5000       8.0000       8.0000
11      63.9630     227.5091       0.0005       0.0014       0.0000       0.0000       2.5000       8.0000       8.0000
12      32.4020     377.2618       0.0005       0.0014       0.0000       0.0000       2.5000       8.0000       8.0000
 ,Pleaf,Pwood,Pfroot,Pmet,Pstr,Pcwd,Pmic,Pslow,Ppass,Plab,Psorb,Pocc,,,,,,,,
 vegtype,gP/m2,gP/m2,gP/m2,gP/m2,gP/m2,gP/m2,gP/m2,gP/m2,gP/m2,gP/m2,gP/m2,gP/m2,,,,,,,,
 1       0.1916       0.9540       0.0767       0.0044       0.0697       0.1010       6.8726     119.5648      38.3534      26.7370     126.7300     138.5710
 2       0.4150       5.8800       1.9500       0.0298       0.1446       0.1918       0.1479       2.7023     114.4157      19.9470      92.2630     120.3740
 3       0.1160       0.6444       0.0805       0.0048       0.0926       0.1295       7.7620     139.7164      44.0423      29.1070     134.6390     138.2200
 4       0.1355       2.4248       0.1411       0.0073       0.1042       0.1481       5.2722      96.6615      43.6903      30.5090     132.0120     148.0830
 5       0.1132       2.6348       0.1533       0.0097       0.1259       0.1768       6.0766     103.1055      47.5434      25.9540     143.4680     138.8230
 6       0.0228       0.0000       0.0371       0.0022       0.0131       0.0186       0.0000       0.0000       0.0000       0.0000       0.0000       0.0000
 7       0.0228       0.0000       0.0371       0.0022       0.0131       0.0186       2.1846      38.7008      12.0161      23.2060     173.4700     114.4960
 8       0.3590       0.9235       0.2493       0.0208       0.0690       0.1355       2.2686      41.4473      19.6570      23.0010     125.6340     129.4690
 9       0.3590       0.9235       0.2493       0.0208       0.0690       0.1355       2.2686      41.4473      19.6570      22.1140     145.0820     130.3700
10       0.1512       0.0000       0.1512       0.0190       0.0170       0.0000       5.5334      49.3518      36.2260      25.5380     186.2070     145.1630
11       0.0000       0.0000       0.0000       0.0000       0.0000       0.0000       0.0000       0.0000       0.0000       0.0000       0.0000       0.0000
12       0.1512       0.0000       0.1512       0.0190       0.0170       0.0000       6.6615      59.4138      43.6119      27.7290     155.5180     158.8840
13       0.0000       0.0000       0.0000       0.0000       0.0000       0.0000       0.0000       0.0000       0.0000       0.0000       0.0000       0.0000
14       0.1512       0.0000       0.1512       0.0190       0.0170       0.0000       0.0005       0.0048       0.0035       0.0000       0.0000       0.0000
15       0.0000       0.0000       0.0000       0.0000       0.0000       0.0000       0.0000       0.0000       0.0000       0.1030       1.1760       0.6880
16       0.0070       0.0000       0.0088       0.0010       0.0017       0.0000       0.7511      11.4838       4.4822      21.0380     255.7900     108.8970
17       0.0000       0.0000       0.0000       0.0000       0.0000       0.0000       0.0000       0.0000       0.0000       0.0000       0.0000       0.0000
18       0.1512       0.0000       0.1512       0.0190       0.0170       0.0000       5.5334      49.3518      36.2260      25.5380     186.2070     145.1630
 ,xnpmax,q10soil,xkoplitter,xkoptsoil,prodptase,cosnpup,maxfineL,maxcwd,nintercept,"nslope(only this will be optimized, not the intercept)",,,,,,,,,,
 vegtype,unitless,unitless,unitless,unitless,??,gN/gP,gC/m2,gC/m2,micromol/m2/s,micromol/m2/s/(gN/m2),,,,,,,,,,
 1       1.5109       1.7200       0.3300       0.3300       0.5000      40.0000    1524.0000    1795.0000       3.1600       9.0700
 2       1.2792       1.7200       0.6000       0.6000       0.2000      25.0000     384.0000     613.0000       4.1900      26.1900
 3       1.5911       1.7200       0.1500       0.1500       0.5000      40.0000    1527.0000    1918.0000       6.3200      18.1500
 4       1.4207       1.5000       1.0000       1.0000       0.5000      40.0000     887.0000    1164.0000       5.7300      29.8100
 5       1.4224       1.7200       0.4000       0.4950       0.5000      40.0000    1205.5000    1479.5000       4.4450      19.4400
 6       1.4224       1.7200       0.4000       0.5000       0.5000      40.0000     157.0000     107.0000      14.7100      23.1500
 7       1.3581       1.7200       0.4000       0.1034       0.5000      40.0000     157.0000     107.0000      14.7100      23.1500
 8       1.3036       1.7200       0.4000       0.4649       0.5000      25.0000     689.0000     884.0000       5.9600      28.3667
 9       1.2593       1.7200       0.4000       0.1686       0.5000      25.0000     491.0000     604.0000       6.1900      26.9233
10       1.4562       1.5000       1.0000       1.0000       0.5000      40.0000     293.0000     324.0000       6.4200      25.4800
11       1.4562       1.7200       0.4000       1.0000       0.5000      40.0000     100.0000     100.0000      14.7100      23.1500
12       1.2104       1.7200       0.4000      10.0000       0.5000      40.0000     380.0000     455.5000       9.7100      41.1900
13       1.3997       1.7200       0.4000       0.5000       0.5000      40.0000     100.0000     100.0000      12.8001      20.1443
14       1.2104       1.7200       0.4000       0.5000       0.5000      40.0000     380.0000     455.5000       9.7100      41.1900
15       1.0000       1.7200       0.4000       1.0000       0.5000      40.0000     100.0000     100.0000      14.7100      23.1500
16       1.0000       1.7200       2.0000       2.0000       0.5000      40.0000      83.0000      23.0000      14.7100      23.1500
17       1.0000       1.7200       0.4000       1.0000       0.5000      40.0000     100.0000     100.0000      14.7100      23.1500
18       1.4562       1.7200       0.4000       0.2500       0.5000      40.0000     293.0000     324.0000       6.4200      25.4800
 Done reading CASA biome-specific parameters from file ../pftlookup_igbp_HARVF.csv                                                                         ...
 Reading CORPSE parameters from namelist..../corpse_params_12.18d.2017.nml                                                                     
&CORPSE_CASA_NML
 INITIAL_C=  0.0000000000000000     ,  2.0000000000000000     ,  0.0000000000000000     ,
 EXUDATE_NPP_FRAC=  2.0000000000000000E-002, 2*0.0000000000000000       ,
 RHIZOSPHERE_FRAC= 0.29999999999999999     ,
 LITTER_OPTION=1          ,
 /
 Reading CORPSE soil parameters from namelist: ./corpse_params_12.18d.2017.nml                                                                     
&SOIL_CARBON_NML
 EA=  5000.0000000000000     ,  30000.000000000000     ,  3000.0000000000000     ,
 VMAXREF=  1000.0000000000000     ,  25.000000000000000     ,  400.00000000000000     ,
 KC= 3*1.0000000000000000E-002  ,
 TMIC= 0.25000000000000000     ,
 ET= 0.59999999999999998     ,
 EUP= 0.59999999999999998     ,  5.0000000000000003E-002, 0.59999999999999998     ,
 MINMICROBEC=  1.0000000000000000E-003,
 COMBINETHRESHOLD=  1.0000000000000000E-002,
 SOILMAXCOHORTS=2          ,
 GAS_DIFFUSION_EXP=  2.5000000000000000     ,
 TOL=  1.0000000000000000E-008,
 ENZFRAC=  1.0000000000000000     ,
 TPROTECTED=  75.000000000000000     ,
 PROTECTION_RATE=  1.5000000000000000     ,
 PROTECTION_SPECIES= 0.11000000000000000     ,  2.0000000000000000E-003,  1.0000000000000000     ,
 LEACHING_SOLUBILITY=  0.0000000000000000     ,
 FLAVOR_RELATIVE_SOLUBILITY=  1.0000000000000000     , 0.10000000000000001     ,  1.0000000000000000     ,
 DOC_DEPOSITION_RATE=  10000000000.000000     ,
 LITTERDENSITY=  22.000000000000000     ,
 CLASSIC_DECOMP=F,
 PROTECTED_RELATIVE_SOLUBILITY=  0.0000000000000000     ,
 MIN_ANAEROBIC_RESP_FACTOR=  3.0000000000000001E-003,
 MICROBE_DRIVEN_PROTECTION=F,
 PROTECTED_CARBON_DECOMP_FACTOR=  0.0000000000000000     ,
 TURNOVER_FACTOR= 3*1.0000000000000000       ,
 FWMIN=  1.0000000000000000E-003,
 /
 Distributing litter inputs into CORPSE soil pools only...
 calling casa_readphen
 calling casa_init
 initcasa =            1

 Reading initial CASACNP pool file: ./cnppool_end_spin_x200.csv                                                                         ...
 Done reading initial CASACNP pool file: ./cnppool_end_spin_x200.csv                                                                         ...
 Reading dimensions from met file ../met_HARVF_1992_2006.nc...
   GetMetNcFileDim: myear:           15
   GetMetNcFileDim: nlat:            1
   GetMetNcFileDim: nlon:            1
   GetMetNcFileDim: time:         5475
   GetMetNcFileDim: nsoilyrs:            6
 Done reading dimensions from met file ../met_HARVF_1992_2006.nc
 maxSteps =        5475
 Reading CORPSE initial values from ./corpsepool_end_spin_x200.csv...
 Done reading CORPSE initial values from ./corpsepool_end_spin_x200.csv...
 calling casacnpdriver
 Reading dimensions from met file ../met_HARVF_1992_2006.nc...
   GetMetNcFileDim: myear:           15
   GetMetNcFileDim: nlat:            1
   GetMetNcFileDim: nlon:            1
   GetMetNcFileDim: time:         5475
   GetMetNcFileDim: nsoilyrs:            6
 Done reading dimensions from met file ../met_HARVF_1992_2006.nc
 Reading met file ../met_HARVF_1992_2006.nc...
   ReadMetNcFile: myear:           15
   ReadMetNcFile: nlat:            1
   ReadMetNcFile: nlon:            1
   ReadMetNcFile: time:         5475
   ReadMetNcFile: nsoilyrs:            6
   Reading longitude...
   Reading latitude...
   Reading cellMissing...
   Reading cellid...
   Reading xcgpp...
   Reading xtairk...
   Reading ndep...
   Reading xtsoil...
   Reading xmoist...
   Reading xfrznmoist...
 Done reading met file ../met_HARVF_1992_2006.nc...
Soil Temperature Increment for    1 =   0.00
Air Temperature Increment for     1 =   0.00
                NPP multiplier    1 =   1.50
 Initializing NetCDF output file ./OUTPUT/TRANS/corpse_pool_HARVF_0001_daily.nc...
 Done initializing NetCDF output file ./OUTPUT/TRANS/corpse_pool_HARVF_0001_daily.nc...
 Writing output to file ./OUTPUT/TRANS/corpse_pool_HARVF_0001_daily.nc...
 Done writing output to file ./OUTPUT/TRANS/corpse_pool_HARVF_0001_daily.nc...
Soil Temperature Increment for    2 =   0.00
Air Temperature Increment for     2 =   0.00
                NPP multiplier    2 =   1.50
 Initializing NetCDF output file ./OUTPUT/TRANS/corpse_pool_HARVF_0002_daily.nc...
 Done initializing NetCDF output file ./OUTPUT/TRANS/corpse_pool_HARVF_0002_daily.nc...
 Writing output to file ./OUTPUT/TRANS/corpse_pool_HARVF_0002_daily.nc...
 Done writing output to file ./OUTPUT/TRANS/corpse_pool_HARVF_0002_daily.nc...
Soil Temperature Increment for    3 =   0.00
Air Temperature Increment for     3 =   0.00
                NPP multiplier    3 =   1.50
 Initializing NetCDF output file ./OUTPUT/TRANS/corpse_pool_HARVF_0003_daily.nc...
 Done initializing NetCDF output file ./OUTPUT/TRANS/corpse_pool_HARVF_0003_daily.nc...
 Writing output to file ./OUTPUT/TRANS/corpse_pool_HARVF_0003_daily.nc...
 Done writing output to file ./OUTPUT/TRANS/corpse_pool_HARVF_0003_daily.nc...
Soil Temperature Increment for    4 =   0.00
Air Temperature Increment for     4 =   0.00
                NPP multiplier    4 =   1.50
 Initializing NetCDF output file ./OUTPUT/TRANS/corpse_pool_HARVF_0004_daily.nc...
 Done initializing NetCDF output file ./OUTPUT/TRANS/corpse_pool_HARVF_0004_daily.nc...
 Writing output to file ./OUTPUT/TRANS/corpse_pool_HARVF_0004_daily.nc...
 Done writing output to file ./OUTPUT/TRANS/corpse_pool_HARVF_0004_daily.nc...
Soil Temperature Increment for    5 =   0.00
Air Temperature Increment for     5 =   0.00
                NPP multiplier    5 =   1.50
 Initializing NetCDF output file ./OUTPUT/TRANS/corpse_pool_HARVF_0005_daily.nc...
 Done initializing NetCDF output file ./OUTPUT/TRANS/corpse_pool_HARVF_0005_daily.nc...
 Writing output to file ./OUTPUT/TRANS/corpse_pool_HARVF_0005_daily.nc...
 Done writing output to file ./OUTPUT/TRANS/corpse_pool_HARVF_0005_daily.nc...
Soil Temperature Increment for    6 =   0.00
Air Temperature Increment for     6 =   0.00
                NPP multiplier    6 =   1.50
 Initializing NetCDF output file ./OUTPUT/TRANS/corpse_pool_HARVF_0006_daily.nc...
 Done initializing NetCDF output file ./OUTPUT/TRANS/corpse_pool_HARVF_0006_daily.nc...
 Writing output to file ./OUTPUT/TRANS/corpse_pool_HARVF_0006_daily.nc...
 Done writing output to file ./OUTPUT/TRANS/corpse_pool_HARVF_0006_daily.nc...
Soil Temperature Increment for    7 =   0.00
Air Temperature Increment for     7 =   0.00
                NPP multiplier    7 =   1.50
 Initializing NetCDF output file ./OUTPUT/TRANS/corpse_pool_HARVF_0007_daily.nc...
 Done initializing NetCDF output file ./OUTPUT/TRANS/corpse_pool_HARVF_0007_daily.nc...
 Writing output to file ./OUTPUT/TRANS/corpse_pool_HARVF_0007_daily.nc...
 Done writing output to file ./OUTPUT/TRANS/corpse_pool_HARVF_0007_daily.nc...
Soil Temperature Increment for    8 =   0.00
Air Temperature Increment for     8 =   0.00
                NPP multiplier    8 =   1.50
 Initializing NetCDF output file ./OUTPUT/TRANS/corpse_pool_HARVF_0008_daily.nc...
 Done initializing NetCDF output file ./OUTPUT/TRANS/corpse_pool_HARVF_0008_daily.nc...
 Writing output to file ./OUTPUT/TRANS/corpse_pool_HARVF_0008_daily.nc...
 Done writing output to file ./OUTPUT/TRANS/corpse_pool_HARVF_0008_daily.nc...
Soil Temperature Increment for    9 =   0.00
Air Temperature Increment for     9 =   0.00
                NPP multiplier    9 =   1.50
 Initializing NetCDF output file ./OUTPUT/TRANS/corpse_pool_HARVF_0009_daily.nc...
 Done initializing NetCDF output file ./OUTPUT/TRANS/corpse_pool_HARVF_0009_daily.nc...
 Writing output to file ./OUTPUT/TRANS/corpse_pool_HARVF_0009_daily.nc...
 Done writing output to file ./OUTPUT/TRANS/corpse_pool_HARVF_0009_daily.nc...
Soil Temperature Increment for   10 =   0.00
Air Temperature Increment for    10 =   0.00
                NPP multiplier   10 =   1.50
 Initializing NetCDF output file ./OUTPUT/TRANS/corpse_pool_HARVF_0010_daily.nc...
 Done initializing NetCDF output file ./OUTPUT/TRANS/corpse_pool_HARVF_0010_daily.nc...
 Writing output to file ./OUTPUT/TRANS/corpse_pool_HARVF_0010_daily.nc...
 Done writing output to file ./OUTPUT/TRANS/corpse_pool_HARVF_0010_daily.nc...
Soil Temperature Increment for   11 =   0.00
Air Temperature Increment for    11 =   0.00
                NPP multiplier   11 =   1.50
 Initializing NetCDF output file ./OUTPUT/TRANS/corpse_pool_HARVF_0011_daily.nc...
 Done initializing NetCDF output file ./OUTPUT/TRANS/corpse_pool_HARVF_0011_daily.nc...
 Writing output to file ./OUTPUT/TRANS/corpse_pool_HARVF_0011_daily.nc...
 Done writing output to file ./OUTPUT/TRANS/corpse_pool_HARVF_0011_daily.nc...
Soil Temperature Increment for   12 =   0.00
Air Temperature Increment for    12 =   0.00
                NPP multiplier   12 =   1.50
 Initializing NetCDF output file ./OUTPUT/TRANS/corpse_pool_HARVF_0012_daily.nc...
 Done initializing NetCDF output file ./OUTPUT/TRANS/corpse_pool_HARVF_0012_daily.nc...
 Writing output to file ./OUTPUT/TRANS/corpse_pool_HARVF_0012_daily.nc...
 Done writing output to file ./OUTPUT/TRANS/corpse_pool_HARVF_0012_daily.nc...
Soil Temperature Increment for   13 =   0.00
Air Temperature Increment for    13 =   0.00
                NPP multiplier   13 =   1.50
 Initializing NetCDF output file ./OUTPUT/TRANS/corpse_pool_HARVF_0013_daily.nc...
 Done initializing NetCDF output file ./OUTPUT/TRANS/corpse_pool_HARVF_0013_daily.nc...
 Writing output to file ./OUTPUT/TRANS/corpse_pool_HARVF_0013_daily.nc...
 Done writing output to file ./OUTPUT/TRANS/corpse_pool_HARVF_0013_daily.nc...
Soil Temperature Increment for   14 =   0.00
Air Temperature Increment for    14 =   0.00
                NPP multiplier   14 =   1.50
 Initializing NetCDF output file ./OUTPUT/TRANS/corpse_pool_HARVF_0014_daily.nc...
 Done initializing NetCDF output file ./OUTPUT/TRANS/corpse_pool_HARVF_0014_daily.nc...
 Writing output to file ./OUTPUT/TRANS/corpse_pool_HARVF_0014_daily.nc...
 Done writing output to file ./OUTPUT/TRANS/corpse_pool_HARVF_0014_daily.nc...
Soil Temperature Increment for   15 =   0.00
Air Temperature Increment for    15 =   0.00
                NPP multiplier   15 =   1.50
 Initializing NetCDF output file ./OUTPUT/TRANS/corpse_pool_HARVF_0015_daily.nc...
 Done initializing NetCDF output file ./OUTPUT/TRANS/corpse_pool_HARVF_0015_daily.nc...
 Writing output to file ./OUTPUT/TRANS/corpse_pool_HARVF_0015_daily.nc...
 Done writing output to file ./OUTPUT/TRANS/corpse_pool_HARVF_0015_daily.nc...
 Writing output to file ./corpsepool_end_trans_1992_2006.csv...
 Done writing output to file ./corpsepool_end_trans_1992_2006.csv...
 Writing output to file ./POINT_corpse_1.csv...
 Done writing output to file ./POINT_corpse_1.csv...
 Initializing NetCDF output file ./OUTPUT/TRANS/corpse_pool_HARVF_0015_daily.nc...
 Done initializing NetCDF output file ./OUTPUT/TRANS/corpse_pool_HARVF_0015_daily.nc...
 Writing output to file ./OUTPUT/TRANS/corpse_pool_HARVF_0015_daily.nc...
 Done writing output to file ./OUTPUT/TRANS/corpse_pool_HARVF_0015_daily.nc...
 simulation completed
